<?xml version="1.0" encoding="UTF-8"?>
<!-- Generated by org.testng.reporters.JUnitReportReporter -->
<testsuite hostname="klachuriye00187" name="comm.learnautomation.testcases.ClassWithoutFrameWork" tests="1" failures="0" timestamp="27 Aug 2019 12:59:02 GMT" time="48.478" errors="0">
  <testcase name="login" time="48.478" classname="comm.learnautomation.testcases.ClassWithoutFrameWork"/>
</testsuite> <!-- comm.learnautomation.testcases.ClassWithoutFrameWork -->
