<?xml version="1.0" encoding="UTF-8"?>
<!-- Generated by org.testng.reporters.JUnitReportReporter -->
<testsuite hostname="klachuriye00187" name="comm.learnautomation.testcases.LogInTestGmail" tests="1" failures="0" timestamp="9 Jul 2019 19:05:20 GMT" time="14.978" errors="0">
  <testcase name="loginApp" time="14.978" classname="comm.learnautomation.testcases.LogInTestGmail"/>
</testsuite> <!-- comm.learnautomation.testcases.LogInTestGmail -->
