<?xml version="1.0" encoding="UTF-8"?>
<!-- Generated by org.testng.reporters.JUnitReportReporter -->
<testsuite hostname="klachuriye00187" name="comm.learnautomation.testcases.LogInTestCrm" tests="1" failures="0" timestamp="8 Sep 2019 14:40:00 GMT" time="25.536" errors="0">
  <testcase name="loginApp" time="25.536" classname="comm.learnautomation.testcases.LogInTestCrm"/>
</testsuite> <!-- comm.learnautomation.testcases.LogInTestCrm -->
