<?xml version="1.0" encoding="UTF-8"?>
<!-- Generated by org.testng.reporters.JUnitReportReporter -->
<testsuite hostname="klachuriye00187" name="comm.learnautomation.testcases.ClassWithoutFrameWork" tests="1" failures="0" timestamp="9 Jul 2019 18:11:38 GMT" time="14.976" errors="0">
  <testcase name="login" time="14.976" classname="comm.learnautomation.testcases.ClassWithoutFrameWork"/>
</testsuite> <!-- comm.learnautomation.testcases.ClassWithoutFrameWork -->
