<?xml version="1.0" encoding="UTF-8"?>
<!-- Generated by org.testng.reporters.JUnitReportReporter -->
<testsuite hostname="klachuriye00187" name="comm.learnautomation.testcases.LogInTestCrm" tests="1" failures="0" timestamp="28 Aug 2019 10:37:40 GMT" time="34.290" errors="0">
  <testcase name="loginApp" time="34.290" classname="comm.learnautomation.testcases.LogInTestCrm"/>
</testsuite> <!-- comm.learnautomation.testcases.LogInTestCrm -->
